12863 2579 716 -7.05026 949.429 velocity: 8919.57 vectors: -0.469176 0.573792 -0.6712950 1046
12873 1555 114 7.33485 870.785 velocity: 17992.3 vectors: 0.916629 0.325556 -0.2319580 1046
12873 1979 58 8.19414 816.927 velocity: 19373.9 vectors: -0.357302 0.89421 0.2696760 1046
12873 2030 384 -6.2082 879.7 velocity: 18101.7 vectors: 0.242489 -0.860508 -0.4480240 1046
12921 860 723 6.43368 843.325 velocity: 15703.7 vectors: -0.607726 0.289766 0.7393950 975
12921 1557 54 7.37933 735.138 velocity: 19010.6 vectors: 0.516648 0.802662 0.2980110 975
12922 392 101 -6.1676 920.727 velocity: 19258.3 vectors: 0.0517656 -0.995731 -0.07642550 975
12922 599 919 -6.16332 697.653 velocity: 7326.72 vectors: 0.494673 0.808459 -0.3188940 975
12952 1579 664 -6.30821 757.592 velocity: 17203.3 vectors: 0.318463 -0.941991 0.1059970 1046
13014 548 592 6.47006 999.89 velocity: 14044.8 vectors: 0.995215 0.0688482 -0.06933720 1046
13486 1233 106 -6.46214 981.691 velocity: 16079.6 vectors: -0.600832 0.643698 0.4739770 1117
13612 1787 509 -6.38594 879.129 velocity: 17848.9 vectors: 0.540072 -0.257989 0.8011020 1117
13752 1637 156 -6.54526 877.646 velocity: 17637.4 vectors: 0.457339 -0.507091 0.7305470 1117
13790 803 291 6.12039 921.947 velocity: 9088.69 vectors: -0.967141 -0.234109 -0.0991560 1117
13800 2135 480 -7.97975 992.822 velocity: 12864.6 vectors: 0.624991 -0.0818107 -0.7763330 1117
13820 1788 11 6.14519 976.553 velocity: 18866.6 vectors: 0.500749 0.865403 -0.01813260 1257
13820 2683 484 6.13898 871.04 velocity: 11889.8 vectors: -0.816084 -0.167731 -0.5530590 1257
13900 2204 781 6.04788 836.081 velocity: 14674.2 vectors: -0.792605 -0.523165 -0.313170 1187
13900 2428 91 -6.69007 911.396 velocity: 15809.5 vectors: -0.762082 -0.0752527 -0.6430930 1187
13900 2470 539 -7.11986 1121.39 velocity: 19557.4 vectors: 0.177762 -0.765796 -0.6180280 1187
14071 1290 188 6.28275 1261.11 velocity: 1254.39 vectors: -0.63468 -0.579765 -0.5109350 1396
14113 137 509 6.38184 1152.19 velocity: 17848.9 vectors: 0.540072 -0.257989 0.8011020 1326
14113 226 698 -7.25715 1220.93 velocity: 10846.9 vectors: -0.854354 -0.340409 -0.3926860 1326
14113 435 476 -6.01521 1221.45 velocity: 8347.71 vectors: 0.900916 -0.396457 -0.1765580 1326
14134 914 636 -7.74344 1168.75 velocity: 18561.7 vectors: -0.467573 0.51036 -0.721740 1326
14145 1762 119 -6.10046 1153.56 velocity: 10144.3 vectors: 0.142031 -0.779096 0.6106040 1326
14145 1806 820 -6.05953 1033.33 velocity: 11986.8 vectors: 0.265874 0.768727 0.5816960 1326
14491 2123 504 -6.77775 1239.89 velocity: 13612.3 vectors: -0.119303 0.852684 0.5086240 1396
14673 753 554 -6.42896 1340.32 velocity: 4915.92 vectors: -0.29378 0.148269 -0.9443040 1465
14673 2228 413 6.5256 1278.19 velocity: 15420.4 vectors: -0.20438 -0.761813 0.6147110 1465
14695 738 474 -6.99228 1387.8 velocity: 7391.22 vectors: -0.0948687 -0.325785 0.9406720 1465
14695 2274 252 -6.21511 1441.14 velocity: 9421.9 vectors: 0.0453497 0.670817 -0.7402350 1465
14723 2546 607 6.13139 1278.55 velocity: 13496.2 vectors: -0.927356 -0.0621246 -0.3689880 1534
14733 2560 504 -6.10373 1194.47 velocity: 18834.6 vectors: 0.594563 -0.209798 -0.7761960 1396
14773 797 959 6.39706 1347.11 velocity: 14915.3 vectors: -0.474187 -0.876675 0.08117670 1465
14781 427 528 7.28395 1334.45 velocity: 17984.8 vectors: 0.3584 -0.790092 0.4972970 1465
14783 747 205 -6.61954 1353.12 velocity: 13102 vectors: 0.76094 -0.10207 0.6407440 1465
14791 1771 699 -7.15024 1285.85 velocity: 14587.6 vectors: 0.241076 0.553565 -0.797150 1465
14823 187 922 6.73226 1303.55 velocity: 12851.4 vectors: 0.263159 -0.783291 0.5632070 1465
14823 2303 856 -6.19536 1263.61 velocity: 9729.85 vectors: -0.677915 0.366092 -0.6375010 1465
14994 1714 494 -6.89769 1330.33 velocity: 17107.9 vectors: -0.000195625 -0.957858 0.2872420 1465
15033 2340 850 -7.9995 1239.22 velocity: 16934 vectors: 0.522069 0.169763 0.8358380 1396
15042 1269 598 -6.13121 1144.7 velocity: 3300.61 vectors: -0.440547 -0.718476 -0.5382480 1465
15104 741 931 -6.2464 1458.44 velocity: 3424.31 vectors: -0.397997 -0.0159605 -0.9172480 1465
15204 2727 106 -7.46888 1145.91 velocity: 12640.2 vectors: -0.702958 0.705769 -0.08797770 1396
15243 1650 322 -6.19691 1244.88 velocity: 18142.1 vectors: -0.080815 0.899037 -0.430350 1465
15243 2715 693 -7.0434 1195.21 velocity: 13213.8 vectors: 0.265928 -0.425946 -0.8647850 1465
15265 238 691 -6.4029 1232.19 velocity: 10154 vectors: -0.47756 -0.671418 0.5666880 1396
15575 2421 564 7.27313 1300.75 velocity: 11862.9 vectors: 0.162501 -0.199134 -0.9664050 1465
15623 151 921 6.0942 1246.4 velocity: 5502.77 vectors: 0.972199 0.12613 -0.1972840 1534
15704 502 106 6.84926 1099.89 velocity: 14776.6 vectors: -0.0634642 -0.615172 -0.7858350 1396
15704 624 937 6.03694 1376.26 velocity: 2092.78 vectors: -0.996911 0.0321707 -0.07165580 1396
15754 1421 749 6.09437 1282.3 velocity: 9846.98 vectors: 0.66886 -0.445129 0.5953870 1396
15754 2011 608 6.0048 1391.94 velocity: 14973.1 vectors: -0.691658 0.312112 0.6513040 1396
15755 753 492 6.25737 1162.72 velocity: 15705.9 vectors: -0.498001 0.402269 -0.7682280 1396
15755 1413 790 6.99586 1167.12 velocity: 8861.88 vectors: -0.40781 -0.893041 -0.1901840 1396
15844 2061 485 6.261 965.924 velocity: 8547.52 vectors: 0.247492 -0.761278 -0.5993360 1257
15845 272 371 6.45299 1087.26 velocity: 15382.7 vectors: -0.816402 -0.234528 -0.5277170 1396
15851 448 709 6.32463 1178.14 velocity: 3894.44 vectors: -0.645728 -0.74232 -0.1788810 1396
15851 1010 622 -6.2355 1067.55 velocity: 17252.6 vectors: 0.104587 -0.223558 -0.9690630 1396
15851 1477 982 -6.37758 1185.96 velocity: 14593 vectors: 0.704653 -0.55857 0.4375650 1396
15851 2129 137 -6.30923 951.83 velocity: 8956.3 vectors: -0.808273 -0.0277903 -0.5881520 1396
15876 2528 858 7.18489 1171.4 velocity: 820 vectors: 0.918385 -0.140534 -0.3698930 1396
15914 801 269 6.56903 1162.29 velocity: 14532.4 vectors: -0.285261 -0.933899 0.2155460 1396
15992 2584 97 7.18778 1259.32 velocity: 820 vectors: 0.0132621 0.33474 -0.9422170 1396
16001 2002 34 -6.60075 1252.8 velocity: 9858.18 vectors: 0.744383 0.618432 -0.2518670 1396
16021 212 123 6.69638 1204.57 velocity: 820 vectors: -0.070674 0.78983 -0.6092410 1396
16040 2103 762 -6.0737 1050.6 velocity: 15329 vectors: -0.52138 0.413726 -0.746320 1396
16072 1134 710 7.14393 1265.4 velocity: 820 vectors: -0.356511 0.315719 -0.879330 1396
16081 1086 271 7.2795 1203.69 velocity: 820 vectors: -0.458436 0.529491 -0.7137760 1326
16081 2745 414 6.6462 1136.23 velocity: 18269.5 vectors: 0.283628 -0.633798 -0.7196210 1326
16111 156 670 6.32601 1117.4 velocity: 4997.65 vectors: 0.508459 -0.571283 0.6442870 1326
16111 1382 600 -6.35861 994.95 velocity: 3474.37 vectors: 0.560779 -0.74055 -0.3702880 1326
16114 521 61 6.61836 1061.27 velocity: 2062.95 vectors: 0.470289 -0.718103 0.5129880 1396
16114 654 238 6.12019 1021.38 velocity: 4045.3 vectors: 0.483504 -0.450222 0.7506820 1396
16114 894 665 6.06899 1281.01 velocity: 2013.72 vectors: -0.552884 -0.50467 -0.6630450 1396
16114 2374 370 6.3917 1233.35 velocity: 2123.94 vectors: -0.300037 -0.49317 -0.8165550 1396
16114 2702 673 -6.49132 1076.73 velocity: 10765.7 vectors: 0.80518 0.0112893 -0.5929240 1396
16125 144 345 -6.29239 1194.72 velocity: 6050.05 vectors: -0.728589 0.49941 -0.4687720 1396
16125 680 654 6.67247 1247.61 velocity: 1315.76 vectors: -0.515769 0.358105 -0.7782950 1396
16125 1448 203 6.51782 1232.85 velocity: 2693.51 vectors: 0.231582 -0.957 0.1747020 1396
16125 2752 123 -6.52413 1247.25 velocity: 10673.2 vectors: -0.931217 0.287608 0.223870 1396
16131 1604 993 -6.94846 1069.66 velocity: 18507.4 vectors: 0.0314128 -0.253947 0.9667080 1396
16133 149 74 -6.48071 1217.83 velocity: 9805.5 vectors: -0.251047 0.310011 -0.9169890 1396
16133 1408 686 6.2891 1260.35 velocity: 820 vectors: 0.548176 -0.213146 -0.8087470 1396
16133 1942 96 6.19345 1262.07 velocity: 6318.1 vectors: 0.703105 0.553621 -0.446260 1396
16133 2452 97 6.36353 1131.38 velocity: 820 vectors: 0.0132621 0.33474 -0.9422170 1396
16201 328 51 -6.23273 1299.08 velocity: 13989 vectors: 0.623979 0.363762 -0.6916130 1396
16201 1029 811 7.22173 1158.08 velocity: 15270.8 vectors: -0.256161 0.216803 -0.9420070 1396
16201 2838 335 -6.09408 1069.7 velocity: 11878.6 vectors: -0.672669 -0.32631 -0.6641070 1396
16222 144 808 6.12134 1235.83 velocity: 1580.85 vectors: 0.511215 -0.0796043 0.8557580 1396
16222 2204 461 6.40221 1140.65 velocity: 18551.7 vectors: 0.412853 -0.820181 -0.3960510 1396
16222 2295 378 -6.01618 1086.3 velocity: 8423 vectors: -0.051149 -0.788569 0.6128160 1396
16222 2371 997 -6.48935 1268.67 velocity: 13258.8 vectors: -0.540778 -0.555706 -0.6314670 1396
16256 680 963 6.81561 1116.04 velocity: 4264.06 vectors: 0.488876 0.293355 0.821550 1396
16256 1664 258 6.11399 1307.21 velocity: 5290.24 vectors: -0.977066 -0.045712 -0.2079720 1396
16256 2698 713 -6.81601 978.876 velocity: 18635.7 vectors: -0.731607 -0.115423 -0.6718850 1396
16256 2765 875 -7.13439 1186.91 velocity: 13442.5 vectors: -0.861469 -0.490503 0.1314510 1396
16301 440 356 6.21019 1225.64 velocity: 2011.15 vectors: -0.646813 -0.761837 0.03520840 1396
16301 1639 300 6.40788 1166.64 velocity: 18649.6 vectors: -0.655211 0.123465 0.7452890 1396
16315 352 685 6.41129 1217.32 velocity: 1704.79 vectors: 0.370662 0.458234 -0.8078560 1396
16315 1375 27 -6.2903 1153.76 velocity: 2149.99 vectors: 0.86401 -0.0967252 -0.4940970 1396
16315 1777 962 6.31964 1209.38 velocity: 845.161 vectors: 0.0763694 0.586834 -0.8060980 1396
16315 1850 359 6.18928 1117.4 velocity: 19412.9 vectors: 0.966344 0.143323 -0.2136340 1396
16315 2458 824 -6.02508 1353.19 velocity: 13694.8 vectors: -0.0717132 0.924779 0.3736860 1396
16315 2841 956 6.25633 1032.37 velocity: 8062.98 vectors: 0.0593929 -0.67566 0.7348170 1396
16356 122 260 6.09395 1267.96 velocity: 1150.74 vectors: 0.796094 -0.0941603 0.5978030 1396
16413 2135 259 -6.72503 1018.6 velocity: 3922.07 vectors: -0.330344 -0.125688 0.9354550 1396
16413 2680 498 6.56515 1248.79 velocity: 868.766 vectors: 0.636381 -0.557217 0.5334130 1396
16424 735 650 6.24966 1124.62 velocity: 16557.1 vectors: 0.0583305 -0.574138 0.8166780 1396
16424 1978 307 -6.74627 1099.37 velocity: 11384.4 vectors: 0.798496 0.55737 0.2274720 1396
16430 1850 396 -6.50264 1184.99 velocity: 4025.31 vectors: 0.434084 -0.504316 0.7464830 1396
16430 1898 665 -6.11212 1150.47 velocity: 11291.3 vectors: -0.599756 -0.645285 0.4731810 1396
16430 2419 724 6.02188 1258.84 velocity: 6329.36 vectors: -0.442789 0.720745 -0.5333530 1396
16444 528 742 -6.03863 1346.55 velocity: 2783.33 vectors: 0.147555 0.640163 -0.7539360 1396
16444 1768 501 6.07056 1247.47 velocity: 2084.09 vectors: 0.447872 0.501614 -0.7401310 1396
16444 2504 456 6.03856 1235.56 velocity: 4396.18 vectors: 0.716736 -0.462565 0.5218460 1396
16453 418 538 6.86179 1239.12 velocity: 3481.56 vectors: -0.461416 0.727927 0.5071660 1396
16453 490 212 -6.28177 1162.82 velocity: 17532.3 vectors: 0.767221 0.631821 0.1103420 1396
16461 396 660 6.14275 1216.42 velocity: 1957.47 vectors: -0.991385 0.021325 0.1292330 1396
16461 1960 420 6.01919 1257.51 velocity: 2575.37 vectors: -0.547736 -0.814869 -0.1896690 1396
16461 2416 545 6.27584 1259.95 velocity: 2047.69 vectors: 0.875302 -0.475916 0.08573680 1396
16463 37 575 -6.11352 1227.21 velocity: 11063.6 vectors: -0.312236 -0.809664 -0.4969440 1396
16463 380 626 6.07449 1143.3 velocity: 1602.09 vectors: -0.462327 0.46943 -0.7522560 1396
16463 2400 926 6.03657 1247.84 velocity: 3107.38 vectors: -0.984978 -0.00825679 -0.1724820 1396
16470 2687 536 -6.93731 1036.46 velocity: 17474.4 vectors: -0.602064 0.649045 -0.4650370 1396
16475 308 696 6.02821 1209.78 velocity: 3348.81 vectors: -0.845066 0.451598 -0.2862210 1396
16475 633 213 -6.05679 1057.5 velocity: 13077.8 vectors: -0.271362 0.818977 0.5056090 1396
16532 528 231 -6.77655 1002.45 velocity: 19468.9 vectors: -0.835518 0.544271 -0.07536570 1396
16553 1438 697 -6.15913 1187.48 velocity: 11875.2 vectors: -0.569522 -0.490869 0.6593120 1396
16553 1810 506 7.64856 1038.75 velocity: 12928.6 vectors: 0.542535 -0.828145 -0.1408260 1396
16565 1735 465 6.30654 1426.71 velocity: 13616.6 vectors: 0.0103941 0.953745 -0.3004370 1534
16623 98 539 -6.51264 1250.35 velocity: 15969.6 vectors: -0.459056 0.520689 -0.7198270 1534
16623 1498 104 -6.25926 1336.99 velocity: 2844.56 vectors: -0.740094 0.5828 -0.3355680 1534
16634 2656 33 -6.55653 1215.42 velocity: 8651.09 vectors: -0.113339 -0.273536 -0.9551610 1534
16681 609 496 8.43921 1130.69 velocity: 12804.2 vectors: -0.449459 0.506282 -0.7359790 1534
16725 190 267 -6.21092 1261.31 velocity: 18132.3 vectors: -0.708509 0.619115 -0.3386910 1534
16725 495 278 6.7974 1388.33 velocity: 11551.1 vectors: -0.549074 0.0539936 0.8340280 1534
16725 1675 548 6.02446 1375.24 velocity: 14638.9 vectors: 0.449858 -0.709812 -0.5420290 1534
17025 660 231 -6.31285 1365.82 velocity: 19468.9 vectors: -0.835518 0.544271 -0.07536570 1534
17113 182 152 -6.02385 1178.71 velocity: 8111.76 vectors: -0.861236 0.508204 0.001463890 1465
17113 341 844 7.33264 1401.57 velocity: 18763.4 vectors: 0.956503 0.273997 -0.1001410 1465
17166 88 195 6.37084 1441.67 velocity: 11943.3 vectors: 0.989566 0.120364 0.07919520 1465
17166 963 488 -6.01681 1161.65 velocity: 10830.1 vectors: -0.655365 -0.754484 0.03536710 1465
17241 437 339 6.19312 1324.53 velocity: 11687.3 vectors: 0.917274 0.245973 -0.3132210 1465
17241 2597 514 -6.12662 1118.45 velocity: 17499.4 vectors: -0.455955 0.507111 -0.7313980 1465
17245 1131 275 -6.51014 1154.67 velocity: 8324.45 vectors: 0.732134 0.34191 -0.5891340 1465
17245 1719 377 -7.40271 1143.28 velocity: 16098.3 vectors: 0.901512 -0.320678 0.290590 1465
17265 2399 847 -6.15203 1206.92 velocity: 17346.9 vectors: -0.406487 -0.152082 0.900910 1465
17265 2838 171 -6.08995 1354.45 velocity: 6220.28 vectors: 0.400038 -0.766223 0.5028640 1465
17275 451 797 -6.31764 1217.4 velocity: 12367 vectors: 0.400956 0.175748 0.8990810 1465
17275 626 547 -6.03317 1180.23 velocity: 17166 vectors: -0.0492056 -0.997879 -0.04263250 1465
17304 766 520 -7.36347 1115 velocity: 17148 vectors: -0.998303 -0.050166 -0.02957260 1396
17304 2016 825 -7.06598 1089.33 velocity: 19584.8 vectors: -0.812097 0.503617 -0.2947350 1396
17311 433 539 6.05188 1327.71 velocity: 15557.4 vectors: 0.477444 -0.803439 0.3557150 1465
17400 442 675 6.47036 1141.89 velocity: 18046.8 vectors: 0.513404 -0.466023 0.7205820 1465
17400 806 874 -6.79508 1265.74 velocity: 16455.9 vectors: -0.795883 0.44592 -0.4095430 1465
17543 2559 485 6.1446 1258.83 velocity: 6618.19 vectors: 0.634366 -0.587429 0.50250 1465
17635 2089 745 6.66977 1261.97 velocity: 15847.7 vectors: -0.480997 0.0417891 -0.8757250 1465
17673 1445 195 -6.744 1126.53 velocity: 18184.9 vectors: 0.640192 0.691991 0.3336220 1465
17685 645 125 6.73472 1405.02 velocity: 10665.8 vectors: -0.475498 -0.762144 -0.4393620 1465
17685 944 389 6.0495 1159.28 velocity: 16472.2 vectors: -0.501378 0.152234 -0.851730 1465
17691 921 523 7.24502 1409.8 velocity: 19520.1 vectors: 0.454012 -0.456823 0.7649740 1465
17792 356 880 7.18581 1314.9 velocity: 17311 vectors: -0.293659 0.523234 -0.7999940 1465
17970 813 826 6.00355 1312.69 velocity: 11169.7 vectors: -0.843105 0.0956422 0.5291760 1396
18023 1707 675 -6.4362 1342.77 velocity: 10944.8 vectors: -0.512563 -0.681026 -0.5229570 1465
18030 1148 484 -6.1591 1189.11 velocity: 5930.47 vectors: -0.786463 -0.611409 -0.08750080 1465
18030 2511 413 6.07536 1181.73 velocity: 1510.44 vectors: 0.0127804 -0.880352 0.4741480 1465
18043 2281 554 -6.28611 1144.58 velocity: 17223.5 vectors: -0.600163 0.276208 0.7506760 1465
18054 2752 271 -6.17283 1089.2 velocity: 5453.04 vectors: 0.493957 0.853147 -0.1677710 1396
18104 1473 727 6.15177 1494.54 velocity: 4154.06 vectors: -0.578636 -0.803905 -0.1375440 1534
18243 338 321 6.16995 1198.61 velocity: 2499.97 vectors: 0.600185 -0.581589 -0.5491210 1534
18243 2405 306 6.00396 1143.78 velocity: 1486.39 vectors: 0.457733 -0.296203 0.8382980 1534
18260 1248 890 6.69694 1451.71 velocity: 7427.35 vectors: 0.536879 0.837969 0.09782870 1465
18535 760 824 6.23177 1421.94 velocity: 12446.1 vectors: 0.754088 0.11628 0.6463990 1534
18761 1756 237 6.65627 1308.13 velocity: 2342.66 vectors: 0.147246 -0.6643 -0.732820 1465
18764 1619 11 -6.70147 1186.59 velocity: 3240.77 vectors: 0.926472 -0.302672 0.2236970 1465
18801 2754 345 -6.06917 1322.28 velocity: 17926.3 vectors: 0.0453421 0.174877 0.9835460 1465
18895 1441 469 6.65104 1090.82 velocity: 12739.3 vectors: 0.49802 0.863198 0.08286710 1396
18913 437 625 7.13737 1091.91 velocity: 10507.1 vectors: -0.232014 0.819302 -0.5243220 1396
18922 997 960 -7.44285 1173.59 velocity: 6306.67 vectors: -0.604361 0.796703 -0.003437530 1396
19073 1938 590 -6.49847 1207.67 velocity: 19051.4 vectors: 0.168866 0.386335 0.9067690 1396
19085 641 831 -6.05865 1114.24 velocity: 8699.4 vectors: 0.512005 -0.680329 0.5244070 1396
19093 634 841 -6.32086 1334.71 velocity: 15910.2 vectors: -0.693519 0.583596 0.4224320 1396
19116 1967 35 -6.52395 1155.74 velocity: 13267.6 vectors: -0.196998 0.677735 0.7084260 1396
19336 1680 39 6.37325 1085.15 velocity: 8326.61 vectors: 0.364363 -0.674492 0.6421060 1396
19355 1432 873 -6.00608 1037.48 velocity: 17008 vectors: -0.998447 0.0310645 -0.04624330 1396
19356 425 661 -6.8345 1187.2 velocity: 15407.3 vectors: -0.473616 0.84721 0.2406730 1396
19405 1009 95 6.30162 1192.95 velocity: 2630.36 vectors: -0.635624 0.171922 0.7526130 1396
19426 449 217 -6.62567 1015.24 velocity: 12813 vectors: -0.799723 -0.586764 0.1270950 1396
19476 2228 933 6.64454 1272.98 velocity: 2132.49 vectors: 0.986022 0.153799 0.06408670 1396
